  1>Checking Build System
  CMake is re-running because C:/liblo-0.32/cmake/out/build/x64-Debug(vs2022win64generator)/CMakeFiles/generate.stamp dependency file is missing.
  -- Building for: Visual Studio 17 2022
  -- Setting build type to 'Release' as none was specified.
  -- Selecting Windows SDK version 10.0.22621.0 to target Windows 10.0.19045.
  -- The C compiler identification is MSVC 19.40.33617.1
  -- The CXX compiler identification is MSVC 19.40.33617.1
  -- Detecting C compiler ABI info
  -- Detecting C compiler ABI info - done
  -- Check for working C compiler: C:/Program Files/Microsoft Visual Studio/2022/Preview/VC/Tools/MSVC/14.40.33617/bin/Hostx64/x64/cl.exe - skipped
  -- Detecting C compile features
  -- Detecting C compile features - done
  -- Detecting CXX compiler ABI info
  -- Detecting CXX compiler ABI info - done
  -- Check for working CXX compiler: C:/Program Files/Microsoft Visual Studio/2022/Preview/VC/Tools/MSVC/14.40.33617/bin/Hostx64/x64/cl.exe - skipped
  -- Detecting CXX compile features
  -- Detecting CXX compile features - done
  -- Looking for poll
  -- Looking for poll - not found
  -- Looking for select
  -- Looking for select - not found
  -- Windows configuration: Assuming select exists.
  -- Looking for getifaddrs
  -- Looking for getifaddrs - not found
  -- Looking for inet_pton
  -- Looking for inet_pton - not found
  -- Performing Test CMAKE_HAVE_LIBC_PTHREAD
  -- Performing Test CMAKE_HAVE_LIBC_PTHREAD - Failed
  -- Looking for pthread_create in pthreads
  -- Looking for pthread_create in pthreads - not found
  -- Looking for pthread_create in pthread
  -- Looking for pthread_create in pthread - not found
  -- Found Threads: TRUE  
  -- Check how to print long long int
  -- Configuring done (7.2s)
  -- Generating done (0.1s)
  -- Build files have been written to: C:/liblo-0.32/cmake/out/build/x64-Debug(vs2022win64generator)
